-------------------------------------------------------------------------------
Test set: be.iramps.ue1103.Pret.TestProjet
-------------------------------------------------------------------------------
Tests run: 2, Failures: 1, Errors: 0, Skipped: 0, Time elapsed: 0.136 s <<< FAILURE! -- in be.iramps.ue1103.Pret.TestProjet
be.iramps.ue1103.Pret.TestProjet.calculTvaFraisTransformationValeurPositif -- Time elapsed: 0.055 s
be.iramps.ue1103.Pret.TestProjet.calculTvaFraisTransformationValeurNegatif -- Time elapsed: 0.011 s <<< FAILURE!
org.opentest4j.AssertionFailedError: Expected java.lang.Exception to be thrown, but nothing was thrown.
	at org.junit.jupiter.api.AssertionFailureBuilder.build(AssertionFailureBuilder.java:152)
	at org.junit.jupiter.api.AssertThrows.assertThrows(AssertThrows.java:73)
	at org.junit.jupiter.api.AssertThrows.assertThrows(AssertThrows.java:35)
	at org.junit.jupiter.api.Assertions.assertThrows(Assertions.java:3111)
	at be.iramps.ue1103.Pret.TestProjet.calculTvaFraisTransformationValeurNegatif(TestProjet.java:50)
	at java.base/java.lang.reflect.Method.invoke(Method.java:568)
	at java.base/java.util.ArrayList.forEach(ArrayList.java:1511)
	at java.base/java.util.ArrayList.forEach(ArrayList.java:1511)

